<?xml version="1.0" encoding="UTF-8"?>
<!-- Generated by org.testng.reporters.JUnitReportReporter -->
<testsuite hostname="DESKTOP-C8HH1CV" failures="0" tests="2" name="com.examples.tests.StockInfoTest" time="25.071" errors="0" timestamp="2025-05-10T14:13:00 IST" skipped="0">
  <testcase classname="com.examples.tests.StockInfoTest" name="verifyTitle" time="12.296"/>
  <testcase classname="com.examples.tests.StockInfoTest" name="verifyTitle" time="12.775"/>
</testsuite> <!-- com.examples.tests.StockInfoTest -->
